<?xml version="1.0" encoding="UTF-8"?>
<testng-results skipped="0" failed="0" ignored="0" total="2" passed="2">
  <reporter-output>
  </reporter-output>
  <suite name="Default suite" duration-ms="47" started-at="2020-01-28T17:26:11 IST" finished-at="2020-01-28T17:26:12 IST">
    <groups>
    </groups>
    <test name="Default test" duration-ms="47" started-at="2020-01-28T17:26:11 IST" finished-at="2020-01-28T17:26:12 IST">
      <class name="fabulous.NewTest">
        <test-method status="PASS" signature="beforeSuite()[pri:0, instance:fabulous.NewTest@6fc6f14e]" name="beforeSuite" is-config="true" duration-ms="0" started-at="2020-01-28T17:26:11 IST" finished-at="2020-01-28T17:26:11 IST">
          <reporter-output>
          </reporter-output>
        </test-method> <!-- beforeSuite -->
        <test-method status="PASS" signature="beforeClass()[pri:0, instance:fabulous.NewTest@6fc6f14e]" name="beforeClass" is-config="true" duration-ms="0" started-at="2020-01-28T17:26:12 IST" finished-at="2020-01-28T17:26:12 IST">
          <reporter-output>
          </reporter-output>
        </test-method> <!-- beforeClass -->
        <test-method status="PASS" signature="beforeTest()[pri:0, instance:fabulous.NewTest@6fc6f14e]" name="beforeTest" is-config="true" duration-ms="0" started-at="2020-01-28T17:26:12 IST" finished-at="2020-01-28T17:26:12 IST">
          <reporter-output>
          </reporter-output>
        </test-method> <!-- beforeTest -->
        <test-method status="PASS" signature="anotherpageopen()[pri:0, instance:fabulous.NewTest@6fc6f14e]" name="anotherpageopen" duration-ms="0" started-at="2020-01-28T17:26:12 IST" finished-at="2020-01-28T17:26:12 IST">
          <reporter-output>
          </reporter-output>
        </test-method> <!-- anotherpageopen -->
        <test-method status="PASS" signature="beforeMethod()[pri:0, instance:fabulous.NewTest@6fc6f14e]" name="beforeMethod" is-config="true" duration-ms="0" started-at="2020-01-28T17:26:12 IST" finished-at="2020-01-28T17:26:12 IST">
          <reporter-output>
          </reporter-output>
        </test-method> <!-- beforeMethod -->
        <test-method status="PASS" signature="afterMethod()[pri:0, instance:fabulous.NewTest@6fc6f14e]" name="afterMethod" is-config="true" duration-ms="0" started-at="2020-01-28T17:26:12 IST" finished-at="2020-01-28T17:26:12 IST">
          <reporter-output>
          </reporter-output>
        </test-method> <!-- afterMethod -->
        <test-method status="PASS" signature="afterClass()[pri:0, instance:fabulous.NewTest@6fc6f14e]" name="afterClass" is-config="true" duration-ms="0" started-at="2020-01-28T17:26:12 IST" finished-at="2020-01-28T17:26:12 IST">
          <reporter-output>
          </reporter-output>
        </test-method> <!-- afterClass -->
        <test-method status="PASS" signature="beforeMethod()[pri:0, instance:fabulous.NewTest@6fc6f14e]" name="beforeMethod" is-config="true" duration-ms="0" started-at="2020-01-28T17:26:12 IST" finished-at="2020-01-28T17:26:12 IST">
          <reporter-output>
          </reporter-output>
        </test-method> <!-- beforeMethod -->
        <test-method status="PASS" signature="afterMethod()[pri:0, instance:fabulous.NewTest@6fc6f14e]" name="afterMethod" is-config="true" duration-ms="0" started-at="2020-01-28T17:26:12 IST" finished-at="2020-01-28T17:26:12 IST">
          <reporter-output>
          </reporter-output>
        </test-method> <!-- afterMethod -->
        <test-method status="PASS" signature="verifythelogginbutton()[pri:0, instance:fabulous.NewTest@6fc6f14e]" name="verifythelogginbutton" duration-ms="0" started-at="2020-01-28T17:26:12 IST" finished-at="2020-01-28T17:26:12 IST">
          <reporter-output>
          </reporter-output>
        </test-method> <!-- verifythelogginbutton -->
        <test-method status="PASS" signature="afterTest()[pri:0, instance:fabulous.NewTest@6fc6f14e]" name="afterTest" is-config="true" duration-ms="0" started-at="2020-01-28T17:26:12 IST" finished-at="2020-01-28T17:26:12 IST">
          <reporter-output>
          </reporter-output>
        </test-method> <!-- afterTest -->
        <test-method status="PASS" signature="afterSuite()[pri:0, instance:fabulous.NewTest@6fc6f14e]" name="afterSuite" is-config="true" duration-ms="0" started-at="2020-01-28T17:26:12 IST" finished-at="2020-01-28T17:26:12 IST">
          <reporter-output>
          </reporter-output>
        </test-method> <!-- afterSuite -->
      </class> <!-- fabulous.NewTest -->
    </test> <!-- Default test -->
  </suite> <!-- Default suite -->
</testng-results>
